TN:
SF:/Users/merunga/code/reusable-duck/index.js
FN:8,capitalize
FN:11,(anonymous_1)
FN:13,(anonymous_2)
FN:14,(anonymous_3)
FN:17,(anonymous_4)
FN:22,(anonymous_5)
FN:30,(anonymous_6)
FN:37,(anonymous_7)
FN:38,(anonymous_8)
FN:41,(anonymous_9)
FN:46,(anonymous_10)
FN:54,(anonymous_11)
FN:57,(anonymous_12)
FN:61,(anonymous_13)
FN:65,(anonymous_14)
FN:70,(anonymous_15)
FN:74,(anonymous_16)
FN:78,(anonymous_17)
FN:85,(anonymous_18)
FN:86,(anonymous_19)
FN:97,(anonymous_20)
FN:108,(anonymous_21)
FN:122,(anonymous_22)
FN:136,(anonymous_23)
FN:140,(anonymous_24)
FN:174,(anonymous_25)
FN:190,(anonymous_26)
FN:210,(anonymous_27)
FN:224,(anonymous_28)
FN:245,(anonymous_29)
FN:256,(anonymous_30)
FN:257,(anonymous_31)
FN:269,(anonymous_32)
FN:298,(anonymous_33)
FNF:34
FNH:27
FNDA:16,capitalize
FNDA:16,(anonymous_1)
FNDA:0,(anonymous_2)
FNDA:0,(anonymous_3)
FNDA:0,(anonymous_4)
FNDA:16,(anonymous_5)
FNDA:6,(anonymous_6)
FNDA:1,(anonymous_7)
FNDA:5,(anonymous_8)
FNDA:1,(anonymous_9)
FNDA:5,(anonymous_10)
FNDA:2,(anonymous_11)
FNDA:1,(anonymous_12)
FNDA:1,(anonymous_13)
FNDA:1,(anonymous_14)
FNDA:1,(anonymous_15)
FNDA:1,(anonymous_16)
FNDA:1,(anonymous_17)
FNDA:2,(anonymous_18)
FNDA:2,(anonymous_19)
FNDA:0,(anonymous_20)
FNDA:7,(anonymous_21)
FNDA:2,(anonymous_22)
FNDA:9,(anonymous_23)
FNDA:6,(anonymous_24)
FNDA:2,(anonymous_25)
FNDA:2,(anonymous_26)
FNDA:0,(anonymous_27)
FNDA:60,(anonymous_28)
FNDA:2,(anonymous_29)
FNDA:5,(anonymous_30)
FNDA:28,(anonymous_31)
FNDA:0,(anonymous_32)
FNDA:0,(anonymous_33)
DA:9,16
DA:11,16
DA:13,2
DA:14,0
DA:15,0
DA:17,0
DA:19,0
DA:22,2
DA:23,16
DA:24,16
DA:25,16
DA:26,0
DA:28,16
DA:29,16
DA:30,6
DA:37,2
DA:38,1
DA:39,5
DA:41,1
DA:43,5
DA:47,5
DA:48,0
DA:51,5
DA:52,5
DA:54,5
DA:55,2
DA:56,2
DA:57,1
DA:61,1
DA:65,1
DA:70,1
DA:74,1
DA:78,1
DA:85,5
DA:86,2
DA:90,2
DA:93,5
DA:94,5
DA:96,5
DA:97,0
DA:98,0
DA:99,0
DA:104,5
DA:105,5
DA:106,5
DA:108,5
DA:109,7
DA:110,7
DA:111,7
DA:112,7
DA:113,7
DA:114,7
DA:115,2
DA:117,7
DA:120,5
DA:121,5
DA:122,2
DA:123,2
DA:124,2
DA:136,5
DA:137,9
DA:139,9
DA:140,9
DA:141,6
DA:142,6
DA:144,1
DA:148,1
DA:150,1
DA:154,1
DA:156,1
DA:157,1
DA:158,1
DA:162,1
DA:165,1
DA:166,1
DA:167,1
DA:171,1
DA:174,1
DA:175,2
DA:176,2
DA:177,2
DA:178,1
DA:180,1
DA:182,1
DA:186,1
DA:189,1
DA:190,1
DA:191,2
DA:192,2
DA:193,2
DA:194,1
DA:197,1
DA:201,1
DA:209,9
DA:210,0
DA:211,0
DA:215,0
DA:216,0
DA:224,9
DA:225,60
DA:226,3
DA:227,3
DA:234,9
DA:235,2
DA:241,9
DA:244,5
DA:245,2
DA:246,2
DA:247,2
DA:248,2
DA:250,2
DA:256,5
DA:257,5
DA:258,28
DA:259,28
DA:268,5
DA:269,0
DA:270,0
DA:271,0
DA:272,0
DA:280,5
DA:281,0
DA:287,5
DA:288,2
DA:294,5
DA:297,5
DA:298,0
DA:299,0
DA:302,0
DA:303,0
DA:308,5
DA:309,2
DA:315,5
DA:323,5
DA:324,5
LF:135
LH:113
BRDA:22,0,0,6
BRDA:23,1,0,16
BRDA:23,1,1,9
BRDA:25,2,0,0
BRDA:25,2,1,16
BRDA:25,3,0,16
BRDA:25,3,1,2
BRDA:28,4,0,9
BRDA:28,4,1,7
BRDA:32,5,0,5
BRDA:32,5,1,1
BRDA:47,6,0,0
BRDA:47,6,1,5
BRDA:47,7,0,5
BRDA:47,7,1,5
BRDA:48,8,0,0
BRDA:48,8,1,0
BRDA:96,9,0,0
BRDA:96,9,1,5
BRDA:98,10,0,0
BRDA:98,10,1,0
BRDA:114,11,0,2
BRDA:114,11,1,5
BRDA:121,12,0,2
BRDA:121,12,1,3
BRDA:139,13,0,9
BRDA:139,13,1,0
BRDA:142,14,0,1
BRDA:142,14,1,1
BRDA:142,14,2,1
BRDA:142,14,3,1
BRDA:142,14,4,1
BRDA:142,14,5,1
BRDA:142,14,6,0
BRDA:175,15,0,2
BRDA:175,15,1,1
BRDA:176,16,0,2
BRDA:176,16,1,1
BRDA:176,16,2,1
BRDA:177,17,0,1
BRDA:177,17,1,1
BRDA:191,18,0,2
BRDA:191,18,1,1
BRDA:192,19,0,2
BRDA:192,19,1,1
BRDA:192,19,2,1
BRDA:193,20,0,1
BRDA:193,20,1,1
BRDA:209,21,0,0
BRDA:209,21,1,9
BRDA:215,22,0,0
BRDA:215,22,1,0
BRDA:215,23,0,0
BRDA:215,23,1,0
BRDA:225,24,0,3
BRDA:225,24,1,57
BRDA:225,25,0,60
BRDA:225,25,1,9
BRDA:234,26,0,2
BRDA:234,26,1,7
BRDA:244,27,0,2
BRDA:244,27,1,3
BRDA:261,28,0,16
BRDA:261,28,1,12
BRDA:268,29,0,0
BRDA:268,29,1,5
BRDA:271,30,0,0
BRDA:271,30,1,0
BRDA:271,31,0,0
BRDA:271,31,1,0
BRDA:280,32,0,0
BRDA:280,32,1,5
BRDA:287,33,0,2
BRDA:287,33,1,3
BRDA:297,34,0,0
BRDA:297,34,1,5
BRDA:302,35,0,0
BRDA:302,35,1,0
BRDA:302,36,0,0
BRDA:302,36,1,0
BRDA:308,37,0,2
BRDA:308,37,1,3
BRF:82
BRH:57
end_of_record
