{"/Users/merunga/code/reusable-duck/index.js": {"path":"/Users/merunga/code/reusable-duck/index.js","statementMap":{"0":{"start":{"line":8,"column":2},"end":{"line":8,"column":51}},"1":{"start":{"line":10,"column":17},"end":{"line":10,"column":51}},"2":{"start":{"line":10,"column":22},"end":{"line":10,"column":51}},"3":{"start":{"line":12,"column":28},"end":{"line":19,"column":8}},"4":{"start":{"line":13,"column":2},"end":{"line":19,"column":8}},"5":{"start":{"line":14,"column":19},"end":{"line":17,"column":5}},"6":{"start":{"line":16,"column":22},"end":{"line":16,"column":52}},"7":{"start":{"line":18,"column":4},"end":{"line":18,"column":17}},"8":{"start":{"line":21,"column":23},"end":{"line":34,"column":1}},"9":{"start":{"line":22,"column":16},"end":{"line":22,"column":103}},"10":{"start":{"line":23,"column":20},"end":{"line":23,"column":70}},"11":{"start":{"line":24,"column":2},"end":{"line":26,"column":3}},"12":{"start":{"line":25,"column":4},"end":{"line":25,"column":13}},"13":{"start":{"line":27,"column":17},"end":{"line":27,"column":40}},"14":{"start":{"line":28,"column":2},"end":{"line":33,"column":3}},"15":{"start":{"line":29,"column":52},"end":{"line":32,"column":5}},"16":{"start":{"line":36,"column":44},"end":{"line":43,"column":8}},"17":{"start":{"line":37,"column":2},"end":{"line":43,"column":8}},"18":{"start":{"line":38,"column":19},"end":{"line":41,"column":5}},"19":{"start":{"line":40,"column":22},"end":{"line":40,"column":52}},"20":{"start":{"line":42,"column":4},"end":{"line":42,"column":17}},"21":{"start":{"line":46,"column":2},"end":{"line":48,"column":3}},"22":{"start":{"line":47,"column":4},"end":{"line":47,"column":35}},"23":{"start":{"line":50,"column":25},"end":{"line":50,"column":33}},"24":{"start":{"line":51,"column":23},"end":{"line":51,"column":51}},"25":{"start":{"line":53,"column":2},"end":{"line":59,"column":3}},"26":{"start":{"line":54,"column":4},"end":{"line":58,"column":6}},"27":{"start":{"line":55,"column":6},"end":{"line":57,"column":7}},"28":{"start":{"line":56,"column":8},"end":{"line":56,"column":52}},"29":{"start":{"line":61,"column":15},"end":{"line":61,"column":49}},"30":{"start":{"line":62,"column":21},"end":{"line":62,"column":23}},"31":{"start":{"line":64,"column":14},"end":{"line":71,"column":8}},"32":{"start":{"line":65,"column":20},"end":{"line":65,"column":59}},"33":{"start":{"line":66,"column":22},"end":{"line":66,"column":59}},"34":{"start":{"line":67,"column":19},"end":{"line":67,"column":49}},"35":{"start":{"line":68,"column":4},"end":{"line":68,"column":27}},"36":{"start":{"line":69,"column":4},"end":{"line":69,"column":29}},"37":{"start":{"line":70,"column":4},"end":{"line":70,"column":17}},"38":{"start":{"line":73,"column":18},"end":{"line":108,"column":3}},"39":{"start":{"line":74,"column":19},"end":{"line":74,"column":31}},"40":{"start":{"line":75,"column":4},"end":{"line":88,"column":5}},"41":{"start":{"line":76,"column":6},"end":{"line":87,"column":8}},"42":{"start":{"line":77,"column":26},"end":{"line":77,"column":39}},"43":{"start":{"line":81,"column":8},"end":{"line":86,"column":9}},"44":{"start":{"line":82,"column":10},"end":{"line":85,"column":11}},"45":{"start":{"line":90,"column":4},"end":{"line":98,"column":6}},"46":{"start":{"line":91,"column":6},"end":{"line":97,"column":7}},"47":{"start":{"line":92,"column":32},"end":{"line":92,"column":45}},"48":{"start":{"line":93,"column":8},"end":{"line":96,"column":9}},"49":{"start":{"line":100,"column":4},"end":{"line":105,"column":5}},"50":{"start":{"line":101,"column":6},"end":{"line":104,"column":7}},"51":{"start":{"line":107,"column":4},"end":{"line":107,"column":19}},"52":{"start":{"line":110,"column":2},"end":{"line":120,"column":3}},"53":{"start":{"line":111,"column":4},"end":{"line":115,"column":6}},"54":{"start":{"line":112,"column":18},"end":{"line":112,"column":78}},"55":{"start":{"line":113,"column":6},"end":{"line":113,"column":25}},"56":{"start":{"line":114,"column":6},"end":{"line":114,"column":23}},"57":{"start":{"line":116,"column":4},"end":{"line":119,"column":5}},"58":{"start":{"line":122,"column":19},"end":{"line":154,"column":3}},"59":{"start":{"line":123,"column":13},"end":{"line":132,"column":10}},"60":{"start":{"line":124,"column":22},"end":{"line":124,"column":35}},"61":{"start":{"line":125,"column":6},"end":{"line":131,"column":7}},"62":{"start":{"line":134,"column":4},"end":{"line":144,"column":5}},"63":{"start":{"line":135,"column":6},"end":{"line":143,"column":8}},"64":{"start":{"line":136,"column":26},"end":{"line":136,"column":39}},"65":{"start":{"line":137,"column":8},"end":{"line":142,"column":9}},"66":{"start":{"line":138,"column":10},"end":{"line":141,"column":11}},"67":{"start":{"line":146,"column":4},"end":{"line":151,"column":5}},"68":{"start":{"line":147,"column":6},"end":{"line":150,"column":7}},"69":{"start":{"line":153,"column":4},"end":{"line":153,"column":13}},"70":{"start":{"line":156,"column":2},"end":{"line":166,"column":3}},"71":{"start":{"line":157,"column":4},"end":{"line":165,"column":6}},"72":{"start":{"line":158,"column":24},"end":{"line":158,"column":37}},"73":{"start":{"line":162,"column":6},"end":{"line":164,"column":7}},"74":{"start":{"line":163,"column":8},"end":{"line":163,"column":34}},"75":{"start":{"line":168,"column":12},"end":{"line":174,"column":4}},"76":{"start":{"line":175,"column":2},"end":{"line":175,"column":27}},"77":{"start":{"line":176,"column":2},"end":{"line":176,"column":31}},"78":{"start":{"line":177,"column":2},"end":{"line":177,"column":35}},"79":{"start":{"line":178,"column":2},"end":{"line":178,"column":63}},"80":{"start":{"line":179,"column":2},"end":{"line":179,"column":10}}},"fnMap":{"0":{"name":"capitalize","decl":{"start":{"line":7,"column":9},"end":{"line":7,"column":19}},"loc":{"start":{"line":7,"column":25},"end":{"line":9,"column":1}},"line":7},"1":{"name":"(anonymous_1)","decl":{"start":{"line":10,"column":17},"end":{"line":10,"column":18}},"loc":{"start":{"line":10,"column":22},"end":{"line":10,"column":51}},"line":10},"2":{"name":"(anonymous_2)","decl":{"start":{"line":12,"column":28},"end":{"line":12,"column":29}},"loc":{"start":{"line":13,"column":2},"end":{"line":19,"column":8}},"line":13},"3":{"name":"(anonymous_3)","decl":{"start":{"line":13,"column":41},"end":{"line":13,"column":42}},"loc":{"start":{"line":13,"column":55},"end":{"line":19,"column":3}},"line":13},"4":{"name":"(anonymous_4)","decl":{"start":{"line":16,"column":11},"end":{"line":16,"column":12}},"loc":{"start":{"line":16,"column":22},"end":{"line":16,"column":52}},"line":16},"5":{"name":"(anonymous_5)","decl":{"start":{"line":21,"column":23},"end":{"line":21,"column":24}},"loc":{"start":{"line":21,"column":75},"end":{"line":34,"column":1}},"line":21},"6":{"name":"(anonymous_6)","decl":{"start":{"line":29,"column":42},"end":{"line":29,"column":43}},"loc":{"start":{"line":29,"column":52},"end":{"line":32,"column":5}},"line":29},"7":{"name":"(anonymous_7)","decl":{"start":{"line":36,"column":44},"end":{"line":36,"column":45}},"loc":{"start":{"line":37,"column":2},"end":{"line":43,"column":8}},"line":37},"8":{"name":"(anonymous_8)","decl":{"start":{"line":37,"column":31},"end":{"line":37,"column":32}},"loc":{"start":{"line":37,"column":45},"end":{"line":43,"column":3}},"line":37},"9":{"name":"(anonymous_9)","decl":{"start":{"line":40,"column":11},"end":{"line":40,"column":12}},"loc":{"start":{"line":40,"column":22},"end":{"line":40,"column":52}},"line":40},"10":{"name":"(anonymous_10)","decl":{"start":{"line":45,"column":15},"end":{"line":45,"column":16}},"loc":{"start":{"line":45,"column":29},"end":{"line":180,"column":1}},"line":45},"11":{"name":"(anonymous_11)","decl":{"start":{"line":54,"column":36},"end":{"line":54,"column":37}},"loc":{"start":{"line":54,"column":43},"end":{"line":58,"column":5}},"line":54},"12":{"name":"(anonymous_12)","decl":{"start":{"line":64,"column":26},"end":{"line":64,"column":27}},"loc":{"start":{"line":64,"column":40},"end":{"line":71,"column":3}},"line":64},"13":{"name":"(anonymous_13)","decl":{"start":{"line":73,"column":18},"end":{"line":73,"column":19}},"loc":{"start":{"line":73,"column":43},"end":{"line":108,"column":3}},"line":73},"14":{"name":"(anonymous_14)","decl":{"start":{"line":76,"column":38},"end":{"line":76,"column":39}},"loc":{"start":{"line":76,"column":45},"end":{"line":87,"column":7}},"line":76},"15":{"name":"(anonymous_15)","decl":{"start":{"line":90,"column":18},"end":{"line":90,"column":19}},"loc":{"start":{"line":90,"column":25},"end":{"line":98,"column":5}},"line":90},"16":{"name":"(anonymous_16)","decl":{"start":{"line":111,"column":23},"end":{"line":111,"column":24}},"loc":{"start":{"line":111,"column":30},"end":{"line":115,"column":5}},"line":111},"17":{"name":"(anonymous_17)","decl":{"start":{"line":122,"column":19},"end":{"line":122,"column":20}},"loc":{"start":{"line":122,"column":29},"end":{"line":154,"column":3}},"line":122},"18":{"name":"(anonymous_18)","decl":{"start":{"line":123,"column":26},"end":{"line":123,"column":27}},"loc":{"start":{"line":123,"column":40},"end":{"line":132,"column":5}},"line":123},"19":{"name":"(anonymous_19)","decl":{"start":{"line":135,"column":38},"end":{"line":135,"column":39}},"loc":{"start":{"line":135,"column":45},"end":{"line":143,"column":7}},"line":135},"20":{"name":"(anonymous_20)","decl":{"start":{"line":157,"column":36},"end":{"line":157,"column":37}},"loc":{"start":{"line":157,"column":43},"end":{"line":165,"column":5}},"line":157}},"branchMap":{"0":{"loc":{"start":{"line":21,"column":24},"end":{"line":21,"column":38}},"type":"default-arg","locations":[{"start":{"line":21,"column":36},"end":{"line":21,"column":38}}],"line":21},"1":{"loc":{"start":{"line":22,"column":16},"end":{"line":22,"column":103}},"type":"binary-expr","locations":[{"start":{"line":22,"column":16},"end":{"line":22,"column":40}},{"start":{"line":22,"column":44},"end":{"line":22,"column":103}}],"line":22},"2":{"loc":{"start":{"line":24,"column":2},"end":{"line":26,"column":3}},"type":"if","locations":[{"start":{"line":24,"column":2},"end":{"line":26,"column":3}},{"start":{"line":24,"column":2},"end":{"line":26,"column":3}}],"line":24},"3":{"loc":{"start":{"line":24,"column":6},"end":{"line":24,"column":26}},"type":"binary-expr","locations":[{"start":{"line":24,"column":6},"end":{"line":24,"column":16}},{"start":{"line":24,"column":20},"end":{"line":24,"column":26}}],"line":24},"4":{"loc":{"start":{"line":27,"column":17},"end":{"line":27,"column":40}},"type":"cond-expr","locations":[{"start":{"line":27,"column":25},"end":{"line":27,"column":30}},{"start":{"line":27,"column":33},"end":{"line":27,"column":40}}],"line":27},"5":{"loc":{"start":{"line":31,"column":20},"end":{"line":31,"column":60}},"type":"cond-expr","locations":[{"start":{"line":31,"column":28},"end":{"line":31,"column":33}},{"start":{"line":31,"column":36},"end":{"line":31,"column":60}}],"line":31},"6":{"loc":{"start":{"line":46,"column":2},"end":{"line":48,"column":3}},"type":"if","locations":[{"start":{"line":46,"column":2},"end":{"line":48,"column":3}},{"start":{"line":46,"column":2},"end":{"line":48,"column":3}}],"line":46},"7":{"loc":{"start":{"line":46,"column":6},"end":{"line":46,"column":41}},"type":"binary-expr","locations":[{"start":{"line":46,"column":6},"end":{"line":46,"column":15}},{"start":{"line":46,"column":19},"end":{"line":46,"column":41}}],"line":46},"8":{"loc":{"start":{"line":47,"column":20},"end":{"line":47,"column":34}},"type":"binary-expr","locations":[{"start":{"line":47,"column":20},"end":{"line":47,"column":28}},{"start":{"line":47,"column":32},"end":{"line":47,"column":34}}],"line":47},"9":{"loc":{"start":{"line":53,"column":2},"end":{"line":59,"column":3}},"type":"if","locations":[{"start":{"line":53,"column":2},"end":{"line":59,"column":3}},{"start":{"line":53,"column":2},"end":{"line":59,"column":3}}],"line":53},"10":{"loc":{"start":{"line":55,"column":6},"end":{"line":57,"column":7}},"type":"if","locations":[{"start":{"line":55,"column":6},"end":{"line":57,"column":7}},{"start":{"line":55,"column":6},"end":{"line":57,"column":7}}],"line":55},"11":{"loc":{"start":{"line":75,"column":4},"end":{"line":88,"column":5}},"type":"if","locations":[{"start":{"line":75,"column":4},"end":{"line":88,"column":5}},{"start":{"line":75,"column":4},"end":{"line":88,"column":5}}],"line":75},"12":{"loc":{"start":{"line":81,"column":8},"end":{"line":86,"column":9}},"type":"if","locations":[{"start":{"line":81,"column":8},"end":{"line":86,"column":9}},{"start":{"line":81,"column":8},"end":{"line":86,"column":9}}],"line":81},"13":{"loc":{"start":{"line":81,"column":12},"end":{"line":81,"column":42}},"type":"binary-expr","locations":[{"start":{"line":81,"column":12},"end":{"line":81,"column":21}},{"start":{"line":81,"column":25},"end":{"line":81,"column":42}}],"line":81},"14":{"loc":{"start":{"line":91,"column":6},"end":{"line":97,"column":7}},"type":"if","locations":[{"start":{"line":91,"column":6},"end":{"line":97,"column":7}},{"start":{"line":91,"column":6},"end":{"line":97,"column":7}}],"line":91},"15":{"loc":{"start":{"line":100,"column":4},"end":{"line":105,"column":5}},"type":"if","locations":[{"start":{"line":100,"column":4},"end":{"line":105,"column":5}},{"start":{"line":100,"column":4},"end":{"line":105,"column":5}}],"line":100},"16":{"loc":{"start":{"line":110,"column":2},"end":{"line":120,"column":3}},"type":"if","locations":[{"start":{"line":110,"column":2},"end":{"line":120,"column":3}},{"start":{"line":110,"column":2},"end":{"line":120,"column":3}}],"line":110},"17":{"loc":{"start":{"line":127,"column":12},"end":{"line":129,"column":12}},"type":"cond-expr","locations":[{"start":{"line":128,"column":10},"end":{"line":128,"column":78}},{"start":{"line":129,"column":10},"end":{"line":129,"column":12}}],"line":127},"18":{"loc":{"start":{"line":134,"column":4},"end":{"line":144,"column":5}},"type":"if","locations":[{"start":{"line":134,"column":4},"end":{"line":144,"column":5}},{"start":{"line":134,"column":4},"end":{"line":144,"column":5}}],"line":134},"19":{"loc":{"start":{"line":137,"column":8},"end":{"line":142,"column":9}},"type":"if","locations":[{"start":{"line":137,"column":8},"end":{"line":142,"column":9}},{"start":{"line":137,"column":8},"end":{"line":142,"column":9}}],"line":137},"20":{"loc":{"start":{"line":137,"column":12},"end":{"line":137,"column":43}},"type":"binary-expr","locations":[{"start":{"line":137,"column":12},"end":{"line":137,"column":21}},{"start":{"line":137,"column":25},"end":{"line":137,"column":43}}],"line":137},"21":{"loc":{"start":{"line":146,"column":4},"end":{"line":151,"column":5}},"type":"if","locations":[{"start":{"line":146,"column":4},"end":{"line":151,"column":5}},{"start":{"line":146,"column":4},"end":{"line":151,"column":5}}],"line":146},"22":{"loc":{"start":{"line":156,"column":2},"end":{"line":166,"column":3}},"type":"if","locations":[{"start":{"line":156,"column":2},"end":{"line":166,"column":3}},{"start":{"line":156,"column":2},"end":{"line":166,"column":3}}],"line":156},"23":{"loc":{"start":{"line":162,"column":6},"end":{"line":164,"column":7}},"type":"if","locations":[{"start":{"line":162,"column":6},"end":{"line":164,"column":7}},{"start":{"line":162,"column":6},"end":{"line":164,"column":7}}],"line":162},"24":{"loc":{"start":{"line":162,"column":10},"end":{"line":162,"column":40}},"type":"binary-expr","locations":[{"start":{"line":162,"column":10},"end":{"line":162,"column":19}},{"start":{"line":162,"column":23},"end":{"line":162,"column":40}}],"line":162}},"s":{"0":14,"1":2,"2":14,"3":2,"4":0,"5":0,"6":0,"7":0,"8":2,"9":14,"10":14,"11":14,"12":0,"13":14,"14":14,"15":6,"16":2,"17":1,"18":5,"19":1,"20":5,"21":4,"22":0,"23":4,"24":4,"25":4,"26":0,"27":0,"28":0,"29":4,"30":4,"31":4,"32":6,"33":6,"34":6,"35":6,"36":6,"37":6,"38":4,"39":3,"40":3,"41":0,"42":0,"43":0,"44":0,"45":3,"46":12,"47":3,"48":3,"49":3,"50":2,"51":3,"52":4,"53":2,"54":2,"55":2,"56":2,"57":2,"58":4,"59":4,"60":14,"61":14,"62":4,"63":0,"64":0,"65":0,"66":0,"67":4,"68":0,"69":4,"70":4,"71":0,"72":0,"73":0,"74":0,"75":4,"76":4,"77":4,"78":4,"79":4,"80":4},"f":{"0":14,"1":14,"2":0,"3":0,"4":0,"5":14,"6":6,"7":1,"8":5,"9":1,"10":4,"11":0,"12":6,"13":3,"14":0,"15":12,"16":2,"17":4,"18":14,"19":0,"20":0},"b":{"0":[4],"1":[14,8],"2":[0,14],"3":[14,2],"4":[8,6],"5":[5,1],"6":[0,4],"7":[4,4],"8":[0,0],"9":[0,4],"10":[0,0],"11":[0,3],"12":[0,0],"13":[0,0],"14":[3,9],"15":[2,1],"16":[2,2],"17":[14,0],"18":[0,4],"19":[0,0],"20":[0,0],"21":[0,4],"22":[0,4],"23":[0,0],"24":[0,0]},"_coverageSchema":"332fd63041d2c1bcb487cc26dd0d5f7d97098a6c","hash":"b45720c221f914850bda21b8d64ae03d69608774"}
}
