{"/Users/merunga/code/reusable-duck/index.js": {"path":"/Users/merunga/code/reusable-duck/index.js","statementMap":{"0":{"start":{"line":9,"column":2},"end":{"line":9,"column":51}},"1":{"start":{"line":11,"column":17},"end":{"line":11,"column":51}},"2":{"start":{"line":11,"column":22},"end":{"line":11,"column":51}},"3":{"start":{"line":13,"column":21},"end":{"line":20,"column":8}},"4":{"start":{"line":14,"column":2},"end":{"line":20,"column":8}},"5":{"start":{"line":15,"column":19},"end":{"line":18,"column":5}},"6":{"start":{"line":17,"column":22},"end":{"line":17,"column":52}},"7":{"start":{"line":19,"column":4},"end":{"line":19,"column":17}},"8":{"start":{"line":22,"column":23},"end":{"line":35,"column":1}},"9":{"start":{"line":23,"column":16},"end":{"line":23,"column":103}},"10":{"start":{"line":24,"column":20},"end":{"line":24,"column":70}},"11":{"start":{"line":25,"column":2},"end":{"line":27,"column":3}},"12":{"start":{"line":26,"column":4},"end":{"line":26,"column":13}},"13":{"start":{"line":28,"column":17},"end":{"line":28,"column":40}},"14":{"start":{"line":29,"column":2},"end":{"line":34,"column":3}},"15":{"start":{"line":30,"column":52},"end":{"line":33,"column":5}},"16":{"start":{"line":37,"column":37},"end":{"line":44,"column":8}},"17":{"start":{"line":38,"column":2},"end":{"line":44,"column":8}},"18":{"start":{"line":39,"column":19},"end":{"line":42,"column":5}},"19":{"start":{"line":41,"column":22},"end":{"line":41,"column":52}},"20":{"start":{"line":43,"column":4},"end":{"line":43,"column":17}},"21":{"start":{"line":47,"column":2},"end":{"line":49,"column":3}},"22":{"start":{"line":48,"column":4},"end":{"line":48,"column":35}},"23":{"start":{"line":51,"column":31},"end":{"line":51,"column":39}},"24":{"start":{"line":52,"column":17},"end":{"line":52,"column":41}},"25":{"start":{"line":54,"column":29},"end":{"line":83,"column":3}},"26":{"start":{"line":55,"column":23},"end":{"line":55,"column":42}},"27":{"start":{"line":56,"column":4},"end":{"line":82,"column":5}},"28":{"start":{"line":57,"column":36},"end":{"line":60,"column":7}},"29":{"start":{"line":61,"column":39},"end":{"line":64,"column":7}},"30":{"start":{"line":65,"column":47},"end":{"line":69,"column":7}},"31":{"start":{"line":70,"column":36},"end":{"line":73,"column":7}},"32":{"start":{"line":74,"column":38},"end":{"line":77,"column":7}},"33":{"start":{"line":78,"column":38},"end":{"line":81,"column":7}},"34":{"start":{"line":85,"column":30},"end":{"line":91,"column":3}},"35":{"start":{"line":86,"column":15},"end":{"line":89,"column":11}},"36":{"start":{"line":86,"column":44},"end":{"line":89,"column":5}},"37":{"start":{"line":90,"column":4},"end":{"line":90,"column":13}},"38":{"start":{"line":93,"column":25},"end":{"line":93,"column":33}},"39":{"start":{"line":94,"column":23},"end":{"line":94,"column":51}},"40":{"start":{"line":96,"column":2},"end":{"line":102,"column":3}},"41":{"start":{"line":97,"column":4},"end":{"line":101,"column":6}},"42":{"start":{"line":98,"column":6},"end":{"line":100,"column":7}},"43":{"start":{"line":99,"column":8},"end":{"line":99,"column":52}},"44":{"start":{"line":104,"column":15},"end":{"line":104,"column":49}},"45":{"start":{"line":105,"column":21},"end":{"line":105,"column":23}},"46":{"start":{"line":106,"column":22},"end":{"line":106,"column":24}},"47":{"start":{"line":108,"column":14},"end":{"line":118,"column":8}},"48":{"start":{"line":109,"column":20},"end":{"line":109,"column":59}},"49":{"start":{"line":110,"column":22},"end":{"line":110,"column":59}},"50":{"start":{"line":111,"column":19},"end":{"line":111,"column":49}},"51":{"start":{"line":112,"column":4},"end":{"line":112,"column":27}},"52":{"start":{"line":113,"column":4},"end":{"line":113,"column":29}},"53":{"start":{"line":114,"column":4},"end":{"line":116,"column":5}},"54":{"start":{"line":115,"column":6},"end":{"line":115,"column":25}},"55":{"start":{"line":117,"column":4},"end":{"line":117,"column":17}},"56":{"start":{"line":120,"column":26},"end":{"line":120,"column":28}},"57":{"start":{"line":121,"column":2},"end":{"line":134,"column":3}},"58":{"start":{"line":122,"column":4},"end":{"line":133,"column":6}},"59":{"start":{"line":123,"column":25},"end":{"line":123,"column":40}},"60":{"start":{"line":124,"column":6},"end":{"line":132,"column":7}},"61":{"start":{"line":136,"column":18},"end":{"line":242,"column":3}},"62":{"start":{"line":137,"column":19},"end":{"line":137,"column":31}},"63":{"start":{"line":139,"column":4},"end":{"line":207,"column":5}},"64":{"start":{"line":140,"column":6},"end":{"line":206,"column":8}},"65":{"start":{"line":141,"column":27},"end":{"line":141,"column":42}},"66":{"start":{"line":142,"column":8},"end":{"line":205,"column":9}},"67":{"start":{"line":144,"column":12},"end":{"line":147,"column":13}},"68":{"start":{"line":148,"column":12},"end":{"line":148,"column":18}},"69":{"start":{"line":150,"column":12},"end":{"line":153,"column":13}},"70":{"start":{"line":154,"column":12},"end":{"line":154,"column":18}},"71":{"start":{"line":156,"column":27},"end":{"line":156,"column":43}},"72":{"start":{"line":157,"column":12},"end":{"line":157,"column":56}},"73":{"start":{"line":158,"column":12},"end":{"line":161,"column":13}},"74":{"start":{"line":162,"column":12},"end":{"line":162,"column":17}},"75":{"start":{"line":165,"column":27},"end":{"line":165,"column":43}},"76":{"start":{"line":166,"column":12},"end":{"line":166,"column":40}},"77":{"start":{"line":167,"column":12},"end":{"line":170,"column":13}},"78":{"start":{"line":171,"column":12},"end":{"line":171,"column":17}},"79":{"start":{"line":174,"column":27},"end":{"line":181,"column":14}},"80":{"start":{"line":175,"column":28},"end":{"line":175,"column":60}},"81":{"start":{"line":176,"column":14},"end":{"line":176,"column":65}},"82":{"start":{"line":177,"column":14},"end":{"line":179,"column":15}},"83":{"start":{"line":178,"column":16},"end":{"line":178,"column":37}},"84":{"start":{"line":180,"column":14},"end":{"line":180,"column":22}},"85":{"start":{"line":182,"column":12},"end":{"line":185,"column":13}},"86":{"start":{"line":186,"column":12},"end":{"line":186,"column":17}},"87":{"start":{"line":189,"column":27},"end":{"line":189,"column":29}},"88":{"start":{"line":190,"column":12},"end":{"line":196,"column":14}},"89":{"start":{"line":191,"column":28},"end":{"line":191,"column":60}},"90":{"start":{"line":192,"column":14},"end":{"line":192,"column":65}},"91":{"start":{"line":193,"column":14},"end":{"line":195,"column":15}},"92":{"start":{"line":194,"column":16},"end":{"line":194,"column":30}},"93":{"start":{"line":197,"column":12},"end":{"line":200,"column":13}},"94":{"start":{"line":201,"column":12},"end":{"line":201,"column":17}},"95":{"start":{"line":209,"column":4},"end":{"line":222,"column":5}},"96":{"start":{"line":210,"column":6},"end":{"line":221,"column":8}},"97":{"start":{"line":211,"column":26},"end":{"line":211,"column":39}},"98":{"start":{"line":215,"column":8},"end":{"line":220,"column":9}},"99":{"start":{"line":216,"column":10},"end":{"line":219,"column":11}},"100":{"start":{"line":224,"column":4},"end":{"line":232,"column":6}},"101":{"start":{"line":225,"column":6},"end":{"line":231,"column":7}},"102":{"start":{"line":226,"column":32},"end":{"line":226,"column":45}},"103":{"start":{"line":227,"column":8},"end":{"line":230,"column":9}},"104":{"start":{"line":234,"column":4},"end":{"line":239,"column":5}},"105":{"start":{"line":235,"column":6},"end":{"line":238,"column":7}},"106":{"start":{"line":241,"column":4},"end":{"line":241,"column":19}},"107":{"start":{"line":244,"column":2},"end":{"line":254,"column":3}},"108":{"start":{"line":245,"column":4},"end":{"line":249,"column":6}},"109":{"start":{"line":246,"column":18},"end":{"line":246,"column":78}},"110":{"start":{"line":247,"column":6},"end":{"line":247,"column":25}},"111":{"start":{"line":248,"column":6},"end":{"line":248,"column":23}},"112":{"start":{"line":250,"column":4},"end":{"line":253,"column":5}},"113":{"start":{"line":256,"column":19},"end":{"line":295,"column":3}},"114":{"start":{"line":257,"column":13},"end":{"line":266,"column":10}},"115":{"start":{"line":258,"column":22},"end":{"line":258,"column":35}},"116":{"start":{"line":259,"column":6},"end":{"line":265,"column":7}},"117":{"start":{"line":268,"column":4},"end":{"line":278,"column":5}},"118":{"start":{"line":269,"column":6},"end":{"line":277,"column":8}},"119":{"start":{"line":270,"column":26},"end":{"line":270,"column":39}},"120":{"start":{"line":271,"column":8},"end":{"line":276,"column":9}},"121":{"start":{"line":272,"column":10},"end":{"line":275,"column":11}},"122":{"start":{"line":280,"column":4},"end":{"line":285,"column":5}},"123":{"start":{"line":281,"column":6},"end":{"line":284,"column":7}},"124":{"start":{"line":287,"column":4},"end":{"line":292,"column":5}},"125":{"start":{"line":288,"column":6},"end":{"line":291,"column":7}},"126":{"start":{"line":294,"column":4},"end":{"line":294,"column":13}},"127":{"start":{"line":297,"column":2},"end":{"line":306,"column":3}},"128":{"start":{"line":298,"column":4},"end":{"line":305,"column":6}},"129":{"start":{"line":299,"column":24},"end":{"line":299,"column":37}},"130":{"start":{"line":302,"column":6},"end":{"line":304,"column":7}},"131":{"start":{"line":303,"column":8},"end":{"line":303,"column":34}},"132":{"start":{"line":308,"column":2},"end":{"line":313,"column":3}},"133":{"start":{"line":309,"column":4},"end":{"line":312,"column":5}},"134":{"start":{"line":315,"column":12},"end":{"line":321,"column":4}},"135":{"start":{"line":323,"column":2},"end":{"line":323,"column":63}},"136":{"start":{"line":324,"column":2},"end":{"line":324,"column":10}}},"fnMap":{"0":{"name":"capitalize","decl":{"start":{"line":8,"column":9},"end":{"line":8,"column":19}},"loc":{"start":{"line":8,"column":25},"end":{"line":10,"column":1}},"line":8},"1":{"name":"(anonymous_1)","decl":{"start":{"line":11,"column":17},"end":{"line":11,"column":18}},"loc":{"start":{"line":11,"column":22},"end":{"line":11,"column":51}},"line":11},"2":{"name":"(anonymous_2)","decl":{"start":{"line":13,"column":21},"end":{"line":13,"column":22}},"loc":{"start":{"line":14,"column":2},"end":{"line":20,"column":8}},"line":14},"3":{"name":"(anonymous_3)","decl":{"start":{"line":14,"column":41},"end":{"line":14,"column":42}},"loc":{"start":{"line":14,"column":55},"end":{"line":20,"column":3}},"line":14},"4":{"name":"(anonymous_4)","decl":{"start":{"line":17,"column":11},"end":{"line":17,"column":12}},"loc":{"start":{"line":17,"column":22},"end":{"line":17,"column":52}},"line":17},"5":{"name":"(anonymous_5)","decl":{"start":{"line":22,"column":23},"end":{"line":22,"column":24}},"loc":{"start":{"line":22,"column":75},"end":{"line":35,"column":1}},"line":22},"6":{"name":"(anonymous_6)","decl":{"start":{"line":30,"column":42},"end":{"line":30,"column":43}},"loc":{"start":{"line":30,"column":52},"end":{"line":33,"column":5}},"line":30},"7":{"name":"(anonymous_7)","decl":{"start":{"line":37,"column":37},"end":{"line":37,"column":38}},"loc":{"start":{"line":38,"column":2},"end":{"line":44,"column":8}},"line":38},"8":{"name":"(anonymous_8)","decl":{"start":{"line":38,"column":31},"end":{"line":38,"column":32}},"loc":{"start":{"line":38,"column":45},"end":{"line":44,"column":3}},"line":38},"9":{"name":"(anonymous_9)","decl":{"start":{"line":41,"column":11},"end":{"line":41,"column":12}},"loc":{"start":{"line":41,"column":22},"end":{"line":41,"column":52}},"line":41},"10":{"name":"(anonymous_10)","decl":{"start":{"line":46,"column":15},"end":{"line":46,"column":16}},"loc":{"start":{"line":46,"column":29},"end":{"line":325,"column":1}},"line":46},"11":{"name":"(anonymous_11)","decl":{"start":{"line":54,"column":29},"end":{"line":54,"column":30}},"loc":{"start":{"line":54,"column":40},"end":{"line":83,"column":3}},"line":54},"12":{"name":"(anonymous_12)","decl":{"start":{"line":57,"column":24},"end":{"line":57,"column":25}},"loc":{"start":{"line":57,"column":36},"end":{"line":60,"column":7}},"line":57},"13":{"name":"(anonymous_13)","decl":{"start":{"line":61,"column":27},"end":{"line":61,"column":28}},"loc":{"start":{"line":61,"column":39},"end":{"line":64,"column":7}},"line":61},"14":{"name":"(anonymous_14)","decl":{"start":{"line":65,"column":28},"end":{"line":65,"column":29}},"loc":{"start":{"line":65,"column":47},"end":{"line":69,"column":7}},"line":65},"15":{"name":"(anonymous_15)","decl":{"start":{"line":70,"column":28},"end":{"line":70,"column":29}},"loc":{"start":{"line":70,"column":36},"end":{"line":73,"column":7}},"line":70},"16":{"name":"(anonymous_16)","decl":{"start":{"line":74,"column":26},"end":{"line":74,"column":27}},"loc":{"start":{"line":74,"column":38},"end":{"line":77,"column":7}},"line":74},"17":{"name":"(anonymous_17)","decl":{"start":{"line":78,"column":26},"end":{"line":78,"column":27}},"loc":{"start":{"line":78,"column":38},"end":{"line":81,"column":7}},"line":78},"18":{"name":"(anonymous_18)","decl":{"start":{"line":85,"column":30},"end":{"line":85,"column":31}},"loc":{"start":{"line":85,"column":42},"end":{"line":91,"column":3}},"line":85},"19":{"name":"(anonymous_19)","decl":{"start":{"line":86,"column":29},"end":{"line":86,"column":30}},"loc":{"start":{"line":86,"column":44},"end":{"line":89,"column":5}},"line":86},"20":{"name":"(anonymous_20)","decl":{"start":{"line":97,"column":36},"end":{"line":97,"column":37}},"loc":{"start":{"line":97,"column":43},"end":{"line":101,"column":5}},"line":97},"21":{"name":"(anonymous_21)","decl":{"start":{"line":108,"column":26},"end":{"line":108,"column":27}},"loc":{"start":{"line":108,"column":40},"end":{"line":118,"column":3}},"line":108},"22":{"name":"(anonymous_22)","decl":{"start":{"line":122,"column":20},"end":{"line":122,"column":21}},"loc":{"start":{"line":122,"column":27},"end":{"line":133,"column":5}},"line":122},"23":{"name":"(anonymous_23)","decl":{"start":{"line":136,"column":18},"end":{"line":136,"column":19}},"loc":{"start":{"line":136,"column":43},"end":{"line":242,"column":3}},"line":136},"24":{"name":"(anonymous_24)","decl":{"start":{"line":140,"column":26},"end":{"line":140,"column":27}},"loc":{"start":{"line":140,"column":33},"end":{"line":206,"column":7}},"line":140},"25":{"name":"(anonymous_25)","decl":{"start":{"line":174,"column":43},"end":{"line":174,"column":44}},"loc":{"start":{"line":174,"column":50},"end":{"line":181,"column":13}},"line":174},"26":{"name":"(anonymous_26)","decl":{"start":{"line":190,"column":28},"end":{"line":190,"column":29}},"loc":{"start":{"line":190,"column":35},"end":{"line":196,"column":13}},"line":190},"27":{"name":"(anonymous_27)","decl":{"start":{"line":210,"column":38},"end":{"line":210,"column":39}},"loc":{"start":{"line":210,"column":45},"end":{"line":221,"column":7}},"line":210},"28":{"name":"(anonymous_28)","decl":{"start":{"line":224,"column":18},"end":{"line":224,"column":19}},"loc":{"start":{"line":224,"column":25},"end":{"line":232,"column":5}},"line":224},"29":{"name":"(anonymous_29)","decl":{"start":{"line":245,"column":23},"end":{"line":245,"column":24}},"loc":{"start":{"line":245,"column":30},"end":{"line":249,"column":5}},"line":245},"30":{"name":"(anonymous_30)","decl":{"start":{"line":256,"column":19},"end":{"line":256,"column":20}},"loc":{"start":{"line":256,"column":29},"end":{"line":295,"column":3}},"line":256},"31":{"name":"(anonymous_31)","decl":{"start":{"line":257,"column":26},"end":{"line":257,"column":27}},"loc":{"start":{"line":257,"column":40},"end":{"line":266,"column":5}},"line":257},"32":{"name":"(anonymous_32)","decl":{"start":{"line":269,"column":38},"end":{"line":269,"column":39}},"loc":{"start":{"line":269,"column":45},"end":{"line":277,"column":7}},"line":269},"33":{"name":"(anonymous_33)","decl":{"start":{"line":298,"column":36},"end":{"line":298,"column":37}},"loc":{"start":{"line":298,"column":43},"end":{"line":305,"column":5}},"line":298}},"branchMap":{"0":{"loc":{"start":{"line":22,"column":24},"end":{"line":22,"column":38}},"type":"default-arg","locations":[{"start":{"line":22,"column":36},"end":{"line":22,"column":38}}],"line":22},"1":{"loc":{"start":{"line":23,"column":16},"end":{"line":23,"column":103}},"type":"binary-expr","locations":[{"start":{"line":23,"column":16},"end":{"line":23,"column":40}},{"start":{"line":23,"column":44},"end":{"line":23,"column":103}}],"line":23},"2":{"loc":{"start":{"line":25,"column":2},"end":{"line":27,"column":3}},"type":"if","locations":[{"start":{"line":25,"column":2},"end":{"line":27,"column":3}},{"start":{"line":25,"column":2},"end":{"line":27,"column":3}}],"line":25},"3":{"loc":{"start":{"line":25,"column":6},"end":{"line":25,"column":26}},"type":"binary-expr","locations":[{"start":{"line":25,"column":6},"end":{"line":25,"column":16}},{"start":{"line":25,"column":20},"end":{"line":25,"column":26}}],"line":25},"4":{"loc":{"start":{"line":28,"column":17},"end":{"line":28,"column":40}},"type":"cond-expr","locations":[{"start":{"line":28,"column":25},"end":{"line":28,"column":30}},{"start":{"line":28,"column":33},"end":{"line":28,"column":40}}],"line":28},"5":{"loc":{"start":{"line":32,"column":20},"end":{"line":32,"column":60}},"type":"cond-expr","locations":[{"start":{"line":32,"column":28},"end":{"line":32,"column":33}},{"start":{"line":32,"column":36},"end":{"line":32,"column":60}}],"line":32},"6":{"loc":{"start":{"line":47,"column":2},"end":{"line":49,"column":3}},"type":"if","locations":[{"start":{"line":47,"column":2},"end":{"line":49,"column":3}},{"start":{"line":47,"column":2},"end":{"line":49,"column":3}}],"line":47},"7":{"loc":{"start":{"line":47,"column":6},"end":{"line":47,"column":41}},"type":"binary-expr","locations":[{"start":{"line":47,"column":6},"end":{"line":47,"column":15}},{"start":{"line":47,"column":19},"end":{"line":47,"column":41}}],"line":47},"8":{"loc":{"start":{"line":48,"column":20},"end":{"line":48,"column":34}},"type":"binary-expr","locations":[{"start":{"line":48,"column":20},"end":{"line":48,"column":28}},{"start":{"line":48,"column":32},"end":{"line":48,"column":34}}],"line":48},"9":{"loc":{"start":{"line":96,"column":2},"end":{"line":102,"column":3}},"type":"if","locations":[{"start":{"line":96,"column":2},"end":{"line":102,"column":3}},{"start":{"line":96,"column":2},"end":{"line":102,"column":3}}],"line":96},"10":{"loc":{"start":{"line":98,"column":6},"end":{"line":100,"column":7}},"type":"if","locations":[{"start":{"line":98,"column":6},"end":{"line":100,"column":7}},{"start":{"line":98,"column":6},"end":{"line":100,"column":7}}],"line":98},"11":{"loc":{"start":{"line":114,"column":4},"end":{"line":116,"column":5}},"type":"if","locations":[{"start":{"line":114,"column":4},"end":{"line":116,"column":5}},{"start":{"line":114,"column":4},"end":{"line":116,"column":5}}],"line":114},"12":{"loc":{"start":{"line":121,"column":2},"end":{"line":134,"column":3}},"type":"if","locations":[{"start":{"line":121,"column":2},"end":{"line":134,"column":3}},{"start":{"line":121,"column":2},"end":{"line":134,"column":3}}],"line":121},"13":{"loc":{"start":{"line":139,"column":4},"end":{"line":207,"column":5}},"type":"if","locations":[{"start":{"line":139,"column":4},"end":{"line":207,"column":5}},{"start":{"line":139,"column":4},"end":{"line":207,"column":5}}],"line":139},"14":{"loc":{"start":{"line":142,"column":8},"end":{"line":205,"column":9}},"type":"switch","locations":[{"start":{"line":143,"column":10},"end":{"line":148,"column":18}},{"start":{"line":149,"column":10},"end":{"line":154,"column":18}},{"start":{"line":155,"column":10},"end":{"line":163,"column":11}},{"start":{"line":164,"column":10},"end":{"line":172,"column":11}},{"start":{"line":173,"column":10},"end":{"line":187,"column":11}},{"start":{"line":188,"column":10},"end":{"line":202,"column":11}},{"start":{"line":203,"column":10},"end":{"line":203,"column":18}}],"line":142},"15":{"loc":{"start":{"line":175,"column":28},"end":{"line":175,"column":60}},"type":"binary-expr","locations":[{"start":{"line":175,"column":28},"end":{"line":175,"column":51}},{"start":{"line":175,"column":55},"end":{"line":175,"column":60}}],"line":175},"16":{"loc":{"start":{"line":176,"column":24},"end":{"line":176,"column":65}},"type":"binary-expr","locations":[{"start":{"line":176,"column":24},"end":{"line":176,"column":46}},{"start":{"line":176,"column":50},"end":{"line":176,"column":54}},{"start":{"line":176,"column":58},"end":{"line":176,"column":65}}],"line":176},"17":{"loc":{"start":{"line":177,"column":14},"end":{"line":179,"column":15}},"type":"if","locations":[{"start":{"line":177,"column":14},"end":{"line":179,"column":15}},{"start":{"line":177,"column":14},"end":{"line":179,"column":15}}],"line":177},"18":{"loc":{"start":{"line":191,"column":28},"end":{"line":191,"column":60}},"type":"binary-expr","locations":[{"start":{"line":191,"column":28},"end":{"line":191,"column":51}},{"start":{"line":191,"column":55},"end":{"line":191,"column":60}}],"line":191},"19":{"loc":{"start":{"line":192,"column":24},"end":{"line":192,"column":65}},"type":"binary-expr","locations":[{"start":{"line":192,"column":24},"end":{"line":192,"column":46}},{"start":{"line":192,"column":50},"end":{"line":192,"column":54}},{"start":{"line":192,"column":58},"end":{"line":192,"column":65}}],"line":192},"20":{"loc":{"start":{"line":193,"column":14},"end":{"line":195,"column":15}},"type":"if","locations":[{"start":{"line":193,"column":14},"end":{"line":195,"column":15}},{"start":{"line":193,"column":14},"end":{"line":195,"column":15}}],"line":193},"21":{"loc":{"start":{"line":209,"column":4},"end":{"line":222,"column":5}},"type":"if","locations":[{"start":{"line":209,"column":4},"end":{"line":222,"column":5}},{"start":{"line":209,"column":4},"end":{"line":222,"column":5}}],"line":209},"22":{"loc":{"start":{"line":215,"column":8},"end":{"line":220,"column":9}},"type":"if","locations":[{"start":{"line":215,"column":8},"end":{"line":220,"column":9}},{"start":{"line":215,"column":8},"end":{"line":220,"column":9}}],"line":215},"23":{"loc":{"start":{"line":215,"column":12},"end":{"line":215,"column":42}},"type":"binary-expr","locations":[{"start":{"line":215,"column":12},"end":{"line":215,"column":21}},{"start":{"line":215,"column":25},"end":{"line":215,"column":42}}],"line":215},"24":{"loc":{"start":{"line":225,"column":6},"end":{"line":231,"column":7}},"type":"if","locations":[{"start":{"line":225,"column":6},"end":{"line":231,"column":7}},{"start":{"line":225,"column":6},"end":{"line":231,"column":7}}],"line":225},"25":{"loc":{"start":{"line":225,"column":10},"end":{"line":225,"column":108}},"type":"binary-expr","locations":[{"start":{"line":225,"column":10},"end":{"line":225,"column":39}},{"start":{"line":225,"column":43},"end":{"line":225,"column":108}}],"line":225},"26":{"loc":{"start":{"line":234,"column":4},"end":{"line":239,"column":5}},"type":"if","locations":[{"start":{"line":234,"column":4},"end":{"line":239,"column":5}},{"start":{"line":234,"column":4},"end":{"line":239,"column":5}}],"line":234},"27":{"loc":{"start":{"line":244,"column":2},"end":{"line":254,"column":3}},"type":"if","locations":[{"start":{"line":244,"column":2},"end":{"line":254,"column":3}},{"start":{"line":244,"column":2},"end":{"line":254,"column":3}}],"line":244},"28":{"loc":{"start":{"line":261,"column":12},"end":{"line":263,"column":12}},"type":"cond-expr","locations":[{"start":{"line":262,"column":10},"end":{"line":262,"column":78}},{"start":{"line":263,"column":10},"end":{"line":263,"column":12}}],"line":261},"29":{"loc":{"start":{"line":268,"column":4},"end":{"line":278,"column":5}},"type":"if","locations":[{"start":{"line":268,"column":4},"end":{"line":278,"column":5}},{"start":{"line":268,"column":4},"end":{"line":278,"column":5}}],"line":268},"30":{"loc":{"start":{"line":271,"column":8},"end":{"line":276,"column":9}},"type":"if","locations":[{"start":{"line":271,"column":8},"end":{"line":276,"column":9}},{"start":{"line":271,"column":8},"end":{"line":276,"column":9}}],"line":271},"31":{"loc":{"start":{"line":271,"column":12},"end":{"line":271,"column":43}},"type":"binary-expr","locations":[{"start":{"line":271,"column":12},"end":{"line":271,"column":21}},{"start":{"line":271,"column":25},"end":{"line":271,"column":43}}],"line":271},"32":{"loc":{"start":{"line":280,"column":4},"end":{"line":285,"column":5}},"type":"if","locations":[{"start":{"line":280,"column":4},"end":{"line":285,"column":5}},{"start":{"line":280,"column":4},"end":{"line":285,"column":5}}],"line":280},"33":{"loc":{"start":{"line":287,"column":4},"end":{"line":292,"column":5}},"type":"if","locations":[{"start":{"line":287,"column":4},"end":{"line":292,"column":5}},{"start":{"line":287,"column":4},"end":{"line":292,"column":5}}],"line":287},"34":{"loc":{"start":{"line":297,"column":2},"end":{"line":306,"column":3}},"type":"if","locations":[{"start":{"line":297,"column":2},"end":{"line":306,"column":3}},{"start":{"line":297,"column":2},"end":{"line":306,"column":3}}],"line":297},"35":{"loc":{"start":{"line":302,"column":6},"end":{"line":304,"column":7}},"type":"if","locations":[{"start":{"line":302,"column":6},"end":{"line":304,"column":7}},{"start":{"line":302,"column":6},"end":{"line":304,"column":7}}],"line":302},"36":{"loc":{"start":{"line":302,"column":10},"end":{"line":302,"column":40}},"type":"binary-expr","locations":[{"start":{"line":302,"column":10},"end":{"line":302,"column":19}},{"start":{"line":302,"column":23},"end":{"line":302,"column":40}}],"line":302},"37":{"loc":{"start":{"line":308,"column":2},"end":{"line":313,"column":3}},"type":"if","locations":[{"start":{"line":308,"column":2},"end":{"line":313,"column":3}},{"start":{"line":308,"column":2},"end":{"line":313,"column":3}}],"line":308}},"s":{"0":16,"1":2,"2":16,"3":2,"4":0,"5":0,"6":0,"7":0,"8":2,"9":16,"10":16,"11":16,"12":0,"13":16,"14":16,"15":6,"16":2,"17":1,"18":5,"19":1,"20":5,"21":5,"22":0,"23":5,"24":5,"25":5,"26":2,"27":2,"28":1,"29":1,"30":1,"31":1,"32":1,"33":1,"34":5,"35":2,"36":2,"37":2,"38":5,"39":5,"40":5,"41":0,"42":0,"43":0,"44":5,"45":5,"46":5,"47":5,"48":7,"49":7,"50":7,"51":7,"52":7,"53":7,"54":2,"55":7,"56":5,"57":5,"58":2,"59":2,"60":2,"61":5,"62":9,"63":9,"64":9,"65":6,"66":6,"67":1,"68":1,"69":1,"70":1,"71":1,"72":1,"73":1,"74":1,"75":1,"76":1,"77":1,"78":1,"79":1,"80":2,"81":2,"82":2,"83":1,"84":1,"85":1,"86":1,"87":1,"88":1,"89":2,"90":2,"91":2,"92":1,"93":1,"94":1,"95":9,"96":0,"97":0,"98":0,"99":0,"100":9,"101":60,"102":3,"103":3,"104":9,"105":2,"106":9,"107":5,"108":2,"109":2,"110":2,"111":2,"112":2,"113":5,"114":5,"115":28,"116":28,"117":5,"118":0,"119":0,"120":0,"121":0,"122":5,"123":0,"124":5,"125":2,"126":5,"127":5,"128":0,"129":0,"130":0,"131":0,"132":5,"133":2,"134":5,"135":5,"136":5},"f":{"0":16,"1":16,"2":0,"3":0,"4":0,"5":16,"6":6,"7":1,"8":5,"9":1,"10":5,"11":2,"12":1,"13":1,"14":1,"15":1,"16":1,"17":1,"18":2,"19":2,"20":0,"21":7,"22":2,"23":9,"24":6,"25":2,"26":2,"27":0,"28":60,"29":2,"30":5,"31":28,"32":0,"33":0},"b":{"0":[6],"1":[16,9],"2":[0,16],"3":[16,2],"4":[9,7],"5":[5,1],"6":[0,5],"7":[5,5],"8":[0,0],"9":[0,5],"10":[0,0],"11":[2,5],"12":[2,3],"13":[9,0],"14":[1,1,1,1,1,1,0],"15":[2,1],"16":[2,1,1],"17":[1,1],"18":[2,1],"19":[2,1,1],"20":[1,1],"21":[0,9],"22":[0,0],"23":[0,0],"24":[3,57],"25":[60,9],"26":[2,7],"27":[2,3],"28":[16,12],"29":[0,5],"30":[0,0],"31":[0,0],"32":[0,5],"33":[2,3],"34":[0,5],"35":[0,0],"36":[0,0],"37":[2,3]},"_coverageSchema":"332fd63041d2c1bcb487cc26dd0d5f7d97098a6c","hash":"b234b8b0217c0deaa8a7636e6d9b5e1e472f30e3"}
}
