TN:
SF:/Users/merunga/code/reusable-duck/index.js
FN:7,capitalize
FN:10,(anonymous_1)
FN:12,(anonymous_2)
FN:13,(anonymous_3)
FN:16,(anonymous_4)
FN:21,(anonymous_5)
FN:29,(anonymous_6)
FN:36,(anonymous_7)
FN:37,(anonymous_8)
FN:40,(anonymous_9)
FN:45,(anonymous_10)
FN:54,(anonymous_11)
FN:64,(anonymous_12)
FN:73,(anonymous_13)
FN:76,(anonymous_14)
FN:90,(anonymous_15)
FN:111,(anonymous_16)
FN:122,(anonymous_17)
FN:123,(anonymous_18)
FN:135,(anonymous_19)
FN:157,(anonymous_20)
FNF:21
FNH:14
FNDA:14,capitalize
FNDA:14,(anonymous_1)
FNDA:0,(anonymous_2)
FNDA:0,(anonymous_3)
FNDA:0,(anonymous_4)
FNDA:14,(anonymous_5)
FNDA:6,(anonymous_6)
FNDA:1,(anonymous_7)
FNDA:5,(anonymous_8)
FNDA:1,(anonymous_9)
FNDA:4,(anonymous_10)
FNDA:0,(anonymous_11)
FNDA:6,(anonymous_12)
FNDA:3,(anonymous_13)
FNDA:0,(anonymous_14)
FNDA:12,(anonymous_15)
FNDA:2,(anonymous_16)
FNDA:4,(anonymous_17)
FNDA:14,(anonymous_18)
FNDA:0,(anonymous_19)
FNDA:0,(anonymous_20)
DA:8,14
DA:10,14
DA:12,2
DA:13,0
DA:14,0
DA:16,0
DA:18,0
DA:21,2
DA:22,14
DA:23,14
DA:24,14
DA:25,0
DA:27,14
DA:28,14
DA:29,6
DA:36,2
DA:37,1
DA:38,5
DA:40,1
DA:42,5
DA:46,4
DA:47,0
DA:50,4
DA:51,4
DA:53,4
DA:54,0
DA:55,0
DA:56,0
DA:61,4
DA:62,4
DA:64,4
DA:65,6
DA:66,6
DA:67,6
DA:68,6
DA:69,6
DA:70,6
DA:73,4
DA:74,3
DA:75,3
DA:76,0
DA:77,0
DA:81,0
DA:82,0
DA:90,3
DA:91,12
DA:92,3
DA:93,3
DA:100,3
DA:101,2
DA:107,3
DA:110,4
DA:111,2
DA:112,2
DA:113,2
DA:114,2
DA:116,2
DA:122,4
DA:123,4
DA:124,14
DA:125,14
DA:134,4
DA:135,0
DA:136,0
DA:137,0
DA:138,0
DA:146,4
DA:147,0
DA:153,4
DA:156,4
DA:157,0
DA:158,0
DA:162,0
DA:163,0
DA:168,4
DA:175,4
DA:176,4
DA:177,4
DA:178,4
DA:179,4
LF:80
LH:58
BRDA:21,0,0,4
BRDA:22,1,0,14
BRDA:22,1,1,8
BRDA:24,2,0,0
BRDA:24,2,1,14
BRDA:24,3,0,14
BRDA:24,3,1,2
BRDA:27,4,0,8
BRDA:27,4,1,6
BRDA:31,5,0,5
BRDA:31,5,1,1
BRDA:46,6,0,0
BRDA:46,6,1,4
BRDA:46,7,0,4
BRDA:46,7,1,4
BRDA:47,8,0,0
BRDA:47,8,1,0
BRDA:53,9,0,0
BRDA:53,9,1,4
BRDA:55,10,0,0
BRDA:55,10,1,0
BRDA:75,11,0,0
BRDA:75,11,1,3
BRDA:81,12,0,0
BRDA:81,12,1,0
BRDA:81,13,0,0
BRDA:81,13,1,0
BRDA:91,14,0,3
BRDA:91,14,1,9
BRDA:100,15,0,2
BRDA:100,15,1,1
BRDA:110,16,0,2
BRDA:110,16,1,2
BRDA:127,17,0,14
BRDA:127,17,1,0
BRDA:134,18,0,0
BRDA:134,18,1,4
BRDA:137,19,0,0
BRDA:137,19,1,0
BRDA:137,20,0,0
BRDA:137,20,1,0
BRDA:146,21,0,0
BRDA:146,21,1,4
BRDA:156,22,0,0
BRDA:156,22,1,4
BRDA:162,23,0,0
BRDA:162,23,1,0
BRDA:162,24,0,0
BRDA:162,24,1,0
BRF:49
BRH:25
end_of_record
